[2019-01-07 00:20:19,702] INFO Starting the log cleaner (kafka.log.LogCleaner)
[2019-01-07 00:20:19,989] INFO [kafka-log-cleaner-thread-0]: Starting (kafka.log.LogCleaner)
[2019-01-10 01:33:58,016] INFO Starting the log cleaner (kafka.log.LogCleaner)
[2019-01-10 01:33:58,275] INFO [kafka-log-cleaner-thread-0]: Starting (kafka.log.LogCleaner)
[2019-01-10 01:34:17,205] INFO Starting the log cleaner (kafka.log.LogCleaner)
[2019-01-10 01:34:17,396] INFO [kafka-log-cleaner-thread-0]: Starting (kafka.log.LogCleaner)
[2019-01-10 01:34:37,862] INFO Starting the log cleaner (kafka.log.LogCleaner)
[2019-01-10 01:34:38,083] INFO [kafka-log-cleaner-thread-0]: Starting (kafka.log.LogCleaner)
[2019-01-10 01:41:17,247] INFO Shutting down the log cleaner. (kafka.log.LogCleaner)
[2019-01-10 01:41:17,247] INFO [kafka-log-cleaner-thread-0]: Shutting down (kafka.log.LogCleaner)
[2019-01-10 01:41:17,248] INFO [kafka-log-cleaner-thread-0]: Stopped (kafka.log.LogCleaner)
[2019-01-10 01:41:17,248] INFO [kafka-log-cleaner-thread-0]: Shutdown completed (kafka.log.LogCleaner)
[2019-01-10 01:41:26,679] INFO Shutting down the log cleaner. (kafka.log.LogCleaner)
[2019-01-10 01:41:26,680] INFO [kafka-log-cleaner-thread-0]: Shutting down (kafka.log.LogCleaner)
[2019-01-10 01:41:26,681] INFO [kafka-log-cleaner-thread-0]: Stopped (kafka.log.LogCleaner)
[2019-01-10 01:41:26,681] INFO [kafka-log-cleaner-thread-0]: Shutdown completed (kafka.log.LogCleaner)
[2019-01-10 01:41:30,088] INFO Shutting down the log cleaner. (kafka.log.LogCleaner)
[2019-01-10 01:41:30,089] INFO [kafka-log-cleaner-thread-0]: Shutting down (kafka.log.LogCleaner)
[2019-01-10 01:41:30,089] INFO [kafka-log-cleaner-thread-0]: Stopped (kafka.log.LogCleaner)
[2019-01-10 01:41:30,089] INFO [kafka-log-cleaner-thread-0]: Shutdown completed (kafka.log.LogCleaner)
[2019-01-10 01:47:33,216] INFO Starting the log cleaner (kafka.log.LogCleaner)
[2019-01-10 01:47:33,448] INFO [kafka-log-cleaner-thread-0]: Starting (kafka.log.LogCleaner)
[2019-01-10 01:47:41,607] INFO Starting the log cleaner (kafka.log.LogCleaner)
[2019-01-10 01:47:41,858] INFO [kafka-log-cleaner-thread-0]: Starting (kafka.log.LogCleaner)
[2019-01-10 01:47:46,081] INFO Starting the log cleaner (kafka.log.LogCleaner)
[2019-01-10 01:47:46,401] INFO [kafka-log-cleaner-thread-0]: Starting (kafka.log.LogCleaner)
[2019-01-10 01:51:31,378] INFO Shutting down the log cleaner. (kafka.log.LogCleaner)
[2019-01-10 01:51:31,381] INFO [kafka-log-cleaner-thread-0]: Shutting down (kafka.log.LogCleaner)
[2019-01-10 01:51:31,383] INFO [kafka-log-cleaner-thread-0]: Shutdown completed (kafka.log.LogCleaner)
[2019-01-10 01:51:31,383] INFO [kafka-log-cleaner-thread-0]: Stopped (kafka.log.LogCleaner)
[2019-01-10 01:51:34,883] INFO Shutting down the log cleaner. (kafka.log.LogCleaner)
[2019-01-10 01:51:34,887] INFO [kafka-log-cleaner-thread-0]: Shutting down (kafka.log.LogCleaner)
[2019-01-10 01:51:34,890] INFO [kafka-log-cleaner-thread-0]: Stopped (kafka.log.LogCleaner)
[2019-01-10 01:51:34,890] INFO [kafka-log-cleaner-thread-0]: Shutdown completed (kafka.log.LogCleaner)
[2019-01-10 01:51:37,477] INFO Shutting down the log cleaner. (kafka.log.LogCleaner)
[2019-01-10 01:51:37,482] INFO [kafka-log-cleaner-thread-0]: Shutting down (kafka.log.LogCleaner)
[2019-01-10 01:51:37,482] INFO [kafka-log-cleaner-thread-0]: Stopped (kafka.log.LogCleaner)
[2019-01-10 01:51:37,483] INFO [kafka-log-cleaner-thread-0]: Shutdown completed (kafka.log.LogCleaner)
[2019-01-10 01:52:48,467] INFO Starting the log cleaner (kafka.log.LogCleaner)
[2019-01-10 01:52:48,638] INFO [kafka-log-cleaner-thread-0]: Starting (kafka.log.LogCleaner)
[2019-01-10 01:52:57,718] INFO Starting the log cleaner (kafka.log.LogCleaner)
[2019-01-10 01:52:57,995] INFO [kafka-log-cleaner-thread-0]: Starting (kafka.log.LogCleaner)
[2019-01-10 01:53:02,187] INFO Starting the log cleaner (kafka.log.LogCleaner)
[2019-01-10 01:53:02,380] INFO [kafka-log-cleaner-thread-0]: Starting (kafka.log.LogCleaner)
[2019-01-10 02:28:32,613] INFO Shutting down the log cleaner. (kafka.log.LogCleaner)
[2019-01-10 02:28:32,618] INFO [kafka-log-cleaner-thread-0]: Shutting down (kafka.log.LogCleaner)
[2019-01-10 02:28:32,618] INFO [kafka-log-cleaner-thread-0]: Stopped (kafka.log.LogCleaner)
[2019-01-10 02:28:32,618] INFO [kafka-log-cleaner-thread-0]: Shutdown completed (kafka.log.LogCleaner)
[2019-01-10 02:28:38,471] INFO Shutting down the log cleaner. (kafka.log.LogCleaner)
[2019-01-10 02:28:38,478] INFO [kafka-log-cleaner-thread-0]: Shutting down (kafka.log.LogCleaner)
[2019-01-10 02:28:38,479] INFO [kafka-log-cleaner-thread-0]: Stopped (kafka.log.LogCleaner)
[2019-01-10 02:28:38,480] INFO [kafka-log-cleaner-thread-0]: Shutdown completed (kafka.log.LogCleaner)
[2019-01-10 02:28:41,854] INFO Shutting down the log cleaner. (kafka.log.LogCleaner)
[2019-01-10 02:28:41,857] INFO [kafka-log-cleaner-thread-0]: Shutting down (kafka.log.LogCleaner)
[2019-01-10 02:28:41,857] INFO [kafka-log-cleaner-thread-0]: Stopped (kafka.log.LogCleaner)
[2019-01-10 02:28:41,857] INFO [kafka-log-cleaner-thread-0]: Shutdown completed (kafka.log.LogCleaner)
[2019-01-10 02:29:28,167] INFO Starting the log cleaner (kafka.log.LogCleaner)
[2019-01-10 02:29:28,393] INFO [kafka-log-cleaner-thread-0]: Starting (kafka.log.LogCleaner)
[2019-01-10 02:29:31,969] INFO The cleaning for partition metalingus-0 is aborted and paused (kafka.log.LogCleaner)
[2019-01-10 02:29:31,971] INFO The cleaning for partition metalingus-0 is aborted (kafka.log.LogCleaner)
[2019-01-10 02:29:35,313] INFO Starting the log cleaner (kafka.log.LogCleaner)
[2019-01-10 02:29:35,570] INFO [kafka-log-cleaner-thread-0]: Starting (kafka.log.LogCleaner)
[2019-01-10 02:29:41,029] INFO Starting the log cleaner (kafka.log.LogCleaner)
[2019-01-10 02:29:41,185] INFO [kafka-log-cleaner-thread-0]: Starting (kafka.log.LogCleaner)
[2019-01-10 02:30:34,745] INFO Starting the log cleaner (kafka.log.LogCleaner)
[2019-01-10 02:30:34,939] INFO [kafka-log-cleaner-thread-0]: Starting (kafka.log.LogCleaner)
[2019-01-10 02:30:37,812] INFO The cleaning for partition metalingus-0 is aborted and paused (kafka.log.LogCleaner)
[2019-01-10 02:30:37,813] INFO The cleaning for partition metalingus-0 is aborted (kafka.log.LogCleaner)
[2019-01-10 02:35:18,965] INFO Shutting down the log cleaner. (kafka.log.LogCleaner)
[2019-01-10 02:35:18,967] INFO [kafka-log-cleaner-thread-0]: Shutting down (kafka.log.LogCleaner)
[2019-01-10 02:35:18,969] INFO [kafka-log-cleaner-thread-0]: Stopped (kafka.log.LogCleaner)
[2019-01-10 02:35:18,969] INFO [kafka-log-cleaner-thread-0]: Shutdown completed (kafka.log.LogCleaner)
[2019-01-10 02:35:22,787] INFO Shutting down the log cleaner. (kafka.log.LogCleaner)
[2019-01-10 02:35:22,788] INFO [kafka-log-cleaner-thread-0]: Shutting down (kafka.log.LogCleaner)
[2019-01-10 02:35:22,788] INFO [kafka-log-cleaner-thread-0]: Stopped (kafka.log.LogCleaner)
[2019-01-10 02:35:22,788] INFO [kafka-log-cleaner-thread-0]: Shutdown completed (kafka.log.LogCleaner)
[2019-01-10 02:38:00,634] INFO Starting the log cleaner (kafka.log.LogCleaner)
[2019-01-10 02:38:00,848] INFO [kafka-log-cleaner-thread-0]: Starting (kafka.log.LogCleaner)
[2019-01-10 02:38:03,349] INFO The cleaning for partition metalingus-0 is aborted and paused (kafka.log.LogCleaner)
[2019-01-10 02:38:03,351] INFO The cleaning for partition metalingus-0 is aborted (kafka.log.LogCleaner)
[2019-01-10 02:39:20,727] INFO Starting the log cleaner (kafka.log.LogCleaner)
[2019-01-10 02:39:20,893] INFO [kafka-log-cleaner-thread-0]: Starting (kafka.log.LogCleaner)
[2019-01-10 02:39:23,456] INFO The cleaning for partition metalingus-0 is aborted and paused (kafka.log.LogCleaner)
[2019-01-10 02:39:23,459] INFO The cleaning for partition metalingus-0 is aborted (kafka.log.LogCleaner)
[2019-01-10 02:42:41,450] INFO Starting the log cleaner (kafka.log.LogCleaner)
[2019-01-10 02:42:41,640] INFO [kafka-log-cleaner-thread-0]: Starting (kafka.log.LogCleaner)
[2019-01-10 02:42:44,246] INFO The cleaning for partition metalingus-0 is aborted and paused (kafka.log.LogCleaner)
[2019-01-10 02:42:44,247] INFO The cleaning for partition metalingus-0 is aborted (kafka.log.LogCleaner)
[2019-01-10 02:44:41,440] INFO Starting the log cleaner (kafka.log.LogCleaner)
[2019-01-10 02:44:41,610] INFO [kafka-log-cleaner-thread-0]: Starting (kafka.log.LogCleaner)
[2019-01-10 02:45:21,899] INFO Starting the log cleaner (kafka.log.LogCleaner)
[2019-01-10 02:45:22,362] INFO [kafka-log-cleaner-thread-0]: Starting (kafka.log.LogCleaner)
[2019-01-10 02:45:23,407] INFO Shutting down the log cleaner. (kafka.log.LogCleaner)
[2019-01-10 02:45:23,412] INFO [kafka-log-cleaner-thread-0]: Shutting down (kafka.log.LogCleaner)
[2019-01-10 02:45:23,414] INFO [kafka-log-cleaner-thread-0]: Shutdown completed (kafka.log.LogCleaner)
[2019-01-10 02:45:23,414] INFO [kafka-log-cleaner-thread-0]: Stopped (kafka.log.LogCleaner)
[2019-01-10 02:45:34,583] INFO Starting the log cleaner (kafka.log.LogCleaner)
[2019-01-10 02:45:34,798] INFO [kafka-log-cleaner-thread-0]: Starting (kafka.log.LogCleaner)
[2019-01-10 02:45:35,565] INFO Shutting down the log cleaner. (kafka.log.LogCleaner)
[2019-01-10 02:45:35,567] INFO [kafka-log-cleaner-thread-0]: Shutting down (kafka.log.LogCleaner)
[2019-01-10 02:45:35,570] INFO [kafka-log-cleaner-thread-0]: Stopped (kafka.log.LogCleaner)
[2019-01-10 02:45:35,570] INFO [kafka-log-cleaner-thread-0]: Shutdown completed (kafka.log.LogCleaner)
[2019-01-10 02:47:06,171] INFO Starting the log cleaner (kafka.log.LogCleaner)
[2019-01-10 02:47:06,358] INFO [kafka-log-cleaner-thread-0]: Starting (kafka.log.LogCleaner)
[2019-01-10 02:47:18,079] INFO Starting the log cleaner (kafka.log.LogCleaner)
[2019-01-10 02:47:18,319] INFO [kafka-log-cleaner-thread-0]: Starting (kafka.log.LogCleaner)
[2019-01-10 02:47:19,068] INFO Shutting down the log cleaner. (kafka.log.LogCleaner)
[2019-01-10 02:47:19,070] INFO [kafka-log-cleaner-thread-0]: Shutting down (kafka.log.LogCleaner)
[2019-01-10 02:47:19,071] INFO [kafka-log-cleaner-thread-0]: Stopped (kafka.log.LogCleaner)
[2019-01-10 02:47:19,073] INFO [kafka-log-cleaner-thread-0]: Shutdown completed (kafka.log.LogCleaner)
[2019-01-10 02:48:08,466] INFO Starting the log cleaner (kafka.log.LogCleaner)
[2019-01-10 02:48:08,646] INFO [kafka-log-cleaner-thread-0]: Starting (kafka.log.LogCleaner)
[2019-01-10 02:53:48,735] INFO Shutting down the log cleaner. (kafka.log.LogCleaner)
[2019-01-10 02:53:48,736] INFO [kafka-log-cleaner-thread-0]: Shutting down (kafka.log.LogCleaner)
[2019-01-10 02:53:48,737] INFO [kafka-log-cleaner-thread-0]: Stopped (kafka.log.LogCleaner)
[2019-01-10 02:53:48,737] INFO [kafka-log-cleaner-thread-0]: Shutdown completed (kafka.log.LogCleaner)
[2019-01-10 02:55:21,929] INFO Starting the log cleaner (kafka.log.LogCleaner)
[2019-01-10 02:55:22,119] INFO [kafka-log-cleaner-thread-0]: Starting (kafka.log.LogCleaner)
[2019-01-10 02:55:38,608] INFO Shutting down the log cleaner. (kafka.log.LogCleaner)
[2019-01-10 02:55:38,608] INFO [kafka-log-cleaner-thread-0]: Shutting down (kafka.log.LogCleaner)
[2019-01-10 02:55:38,609] INFO [kafka-log-cleaner-thread-0]: Stopped (kafka.log.LogCleaner)
[2019-01-10 02:55:38,609] INFO [kafka-log-cleaner-thread-0]: Shutdown completed (kafka.log.LogCleaner)
[2019-01-10 03:01:19,501] INFO Starting the log cleaner (kafka.log.LogCleaner)
[2019-01-10 03:01:19,697] INFO [kafka-log-cleaner-thread-0]: Starting (kafka.log.LogCleaner)
[2019-01-10 03:10:16,570] INFO Shutting down the log cleaner. (kafka.log.LogCleaner)
[2019-01-10 03:10:16,577] INFO [kafka-log-cleaner-thread-0]: Shutting down (kafka.log.LogCleaner)
[2019-01-10 03:10:16,578] INFO [kafka-log-cleaner-thread-0]: Stopped (kafka.log.LogCleaner)
[2019-01-10 03:10:16,578] INFO [kafka-log-cleaner-thread-0]: Shutdown completed (kafka.log.LogCleaner)
[2019-01-10 03:10:27,066] INFO Shutting down the log cleaner. (kafka.log.LogCleaner)
[2019-01-10 03:10:27,077] INFO [kafka-log-cleaner-thread-0]: Shutting down (kafka.log.LogCleaner)
[2019-01-10 03:10:27,078] INFO [kafka-log-cleaner-thread-0]: Stopped (kafka.log.LogCleaner)
[2019-01-10 03:10:27,078] INFO [kafka-log-cleaner-thread-0]: Shutdown completed (kafka.log.LogCleaner)
[2019-01-10 03:10:41,653] INFO Shutting down the log cleaner. (kafka.log.LogCleaner)
[2019-01-10 03:10:41,654] INFO [kafka-log-cleaner-thread-0]: Shutting down (kafka.log.LogCleaner)
[2019-01-10 03:10:41,655] INFO [kafka-log-cleaner-thread-0]: Stopped (kafka.log.LogCleaner)
[2019-01-10 03:10:41,655] INFO [kafka-log-cleaner-thread-0]: Shutdown completed (kafka.log.LogCleaner)
